<?xml version="1.0" encoding="UTF-8"?>
<testsuite name="pl.zajavka.integration.configuration.HomeControllerIT" tests="1" skipped="0" failures="0" errors="0" timestamp="2023-07-05T17:58:37" hostname="LAPTOP-O9433SLL" time="0.647">
  <properties/>
  <testcase name="homePageWorksCorrectly()" classname="pl.zajavka.integration.configuration.HomeControllerIT" time="0.647"/>
  <system-out><![CDATA[
  .   ____          _            __ _ _
 /\\ / ___'_ __ _ _(_)_ __  __ _ \ \ \ \
( ( )\___ | '_ | '_| | '_ \/ _` | \ \ \ \
 \\/  ___)| |_)| | | | | || (_| |  ) ) ) )
  '  |____| .__|_| |_|_| |_\__, | / / / /
 =========|_|==============|___/=/_/_/_/
 :: Spring Boot ::                (v3.1.0)

[Test worker] INFO  p.z.i.configuration.HomeControllerIT - Starting HomeControllerIT using Java 17.0.1 with PID 8860 (started by Asuseusz in C:\Users\marys\Desktop\zaJavka\Car-Dealership)
[Test worker] INFO  p.z.i.configuration.HomeControllerIT - The following 1 profile is active: "test"
[Test worker] INFO  o.s.d.r.c.RepositoryConfigurationDelegate - Bootstrapping Spring Data JPA repositories in DEFAULT mode.
[Test worker] INFO  o.s.d.r.c.RepositoryConfigurationDelegate - Finished Spring Data repository scanning in 185 ms. Found 14 JPA repository interfaces.
[Test worker] INFO  o.s.b.w.e.tomcat.TomcatWebServer - Tomcat initialized with port(s): 0 (http)
[Test worker] INFO  o.a.coyote.http11.Http11NioProtocol - Initializing ProtocolHandler ["http-nio-auto-1"]
[Test worker] INFO  o.a.catalina.core.StandardService - Starting service [Tomcat]
[Test worker] INFO  o.a.catalina.core.StandardEngine - Starting Servlet engine: [Apache Tomcat/10.1.8]
[Test worker] INFO  o.a.c.c.C.[.[.[/car-dealership] - Initializing Spring embedded WebApplicationContext
[Test worker] INFO  o.s.b.w.s.c.ServletWebServerApplicationContext - Root WebApplicationContext: initialization completed in 3707 ms
[Test worker] INFO  com.zaxxer.hikari.HikariDataSource - HikariPool-2 - Starting...
[Test worker] INFO  com.zaxxer.hikari.pool.HikariPool - HikariPool-2 - Added connection org.postgresql.jdbc.PgConnection@64fc2612
[Test worker] INFO  com.zaxxer.hikari.HikariDataSource - HikariPool-2 - Start completed.
[Test worker] INFO  o.f.c.i.d.base.BaseDatabaseType - Database: jdbc:postgresql://localhost:5432/car_dealership (PostgreSQL 14.6)
[Test worker] INFO  o.f.core.internal.command.DbValidate - Successfully validated 15 migrations (execution time 00:00.052s)
[Test worker] INFO  o.f.core.internal.command.DbMigrate - Current version of schema "public": 3.1
[Test worker] INFO  o.f.core.internal.command.DbMigrate - Schema "public" is up to date. No migration necessary.
[Test worker] INFO  o.h.jpa.internal.util.LogHelper - HHH000204: Processing PersistenceUnitInfo [name: default]
[Test worker] INFO  o.h.b.i.BytecodeProviderInitiator - HHH000021: Bytecode provider name : bytebuddy
[Test worker] INFO  o.s.o.j.p.SpringPersistenceUnitInfo - No LoadTimeWeaver setup: ignoring JPA class transformer
[Test worker] INFO  org.hibernate.orm.dialect - HHH035001: Using dialect: org.hibernate.dialect.PostgreSQLDialect, version: org.hibernate.engine.jdbc.env.internal.JdbcEnvironmentInitiator$DialectResolutionInfoImpl@14389dd7
[Test worker] INFO  o.h.b.i.BytecodeProviderInitiator - HHH000021: Bytecode provider name : bytebuddy
[Test worker] INFO  o.h.e.t.j.p.i.JtaPlatformInitiator - HHH000490: Using JtaPlatform implementation: [org.hibernate.engine.transaction.jta.platform.internal.NoJtaPlatform]
[Test worker] INFO  o.s.o.j.LocalContainerEntityManagerFactoryBean - Initialized JPA EntityManagerFactory for persistence unit 'default'
[Test worker] WARN  o.s.b.a.o.j.JpaBaseConfiguration$JpaWebConfiguration - spring.jpa.open-in-view is enabled by default. Therefore, database queries may be performed during view rendering. Explicitly configure spring.jpa.open-in-view to disable this warning
[Test worker] INFO  o.s.s.web.DefaultSecurityFilterChain - Will secure any request with [org.springframework.security.web.session.DisableEncodeUrlFilter@52a7893a, org.springframework.security.web.context.request.async.WebAsyncManagerIntegrationFilter@42b09d68, org.springframework.security.web.context.SecurityContextHolderFilter@21b44898, org.springframework.security.web.header.HeaderWriterFilter@4fc1edc3, org.springframework.security.web.authentication.logout.LogoutFilter@6f0fe11f, org.springframework.security.web.savedrequest.RequestCacheAwareFilter@4989d1d9, org.springframework.security.web.servletapi.SecurityContextHolderAwareRequestFilter@2c13db34, org.springframework.security.web.authentication.AnonymousAuthenticationFilter@55398902, org.springframework.security.web.access.ExceptionTranslationFilter@321aecb0, org.springframework.security.web.access.intercept.AuthorizationFilter@5af75e60]
[Test worker] WARN  o.s.s.c.a.web.builders.WebSecurity - 

********************************************************************
**********        Security debugging is enabled.       *************
**********    This may include sensitive information.  *************
**********      Do not use in a production system!     *************
********************************************************************


[Test worker] INFO  o.a.coyote.http11.Http11NioProtocol - Starting ProtocolHandler ["http-nio-auto-1"]
[Test worker] INFO  o.s.b.w.e.tomcat.TomcatWebServer - Tomcat started on port(s): 49657 (http) with context path '/car-dealership'
[Test worker] INFO  p.z.i.configuration.HomeControllerIT - Started HomeControllerIT in 10.206 seconds (process running for 40.089)
[http-nio-auto-1-exec-3] INFO  o.a.c.c.C.[.[.[/car-dealership] - Initializing Spring DispatcherServlet 'dispatcherServlet'
[http-nio-auto-1-exec-3] INFO  o.s.web.servlet.DispatcherServlet - Initializing Servlet 'dispatcherServlet'
[http-nio-auto-1-exec-3] INFO  o.s.web.servlet.DispatcherServlet - Completed initialization in 1 ms
[http-nio-auto-1-exec-3] INFO  Spring Security Debugger - 

************************************************************

Request received for GET '/':

org.apache.catalina.connector.RequestFacade@138bbdbc

servletPath:/
pathInfo:null
headers: 
accept: text/plain, application/json, application/*+json, */*
user-agent: Java/17.0.1
host: localhost:49657
connection: keep-alive


Security filter chain: [
  DisableEncodeUrlFilter
  WebAsyncManagerIntegrationFilter
  SecurityContextHolderFilter
  HeaderWriterFilter
  LogoutFilter
  RequestCacheAwareFilter
  SecurityContextHolderAwareRequestFilter
  AnonymousAuthenticationFilter
  ExceptionTranslationFilter
  AuthorizationFilter
]


************************************************************


]]></system-out>
  <system-err><![CDATA[]]></system-err>
</testsuite>
