<?xml version="1.0" encoding="UTF-8"?>
<testsuite name="pl.zajavka.api.controller.rest.CepikRestControllerTest" tests="1" skipped="0" failures="0" errors="0" timestamp="2023-07-06T19:55:31" hostname="LAPTOP-O9433SLL" time="1.131">
  <properties/>
  <testcase name="carPurchaseWorksCorrectly()" classname="pl.zajavka.api.controller.rest.CepikRestControllerTest" time="1.131"/>
  <system-out><![CDATA[21:55:14,489 |-INFO in ch.qos.logback.classic.LoggerContext[default] - This is logback-classic version 1.4.7
21:55:14,564 |-INFO in ch.qos.logback.classic.LoggerContext[default] - Found resource [logback-test.xml] at [file:/C:/Users/marys/Desktop/zaJavka/Car-Dealership/build/resources/test/logback-test.xml]
21:55:14,946 |-INFO in ch.qos.logback.core.model.processor.AppenderModelHandler - Processing appender named [CONSOLE]
21:55:14,946 |-INFO in ch.qos.logback.core.model.processor.AppenderModelHandler - About to instantiate appender of type [ch.qos.logback.core.ConsoleAppender]
21:55:14,967 |-INFO in ch.qos.logback.core.model.processor.ImplicitModelHandler - Assuming default type [ch.qos.logback.classic.encoder.PatternLayoutEncoder] for [encoder] property
21:55:14,970 |-WARN in ch.qos.logback.core.model.processor.ImplicitModelHandler - Ignoring unknown property [charstet] in [ch.qos.logback.classic.encoder.PatternLayoutEncoder]
21:55:15,042 |-INFO in ch.qos.logback.classic.model.processor.RootLoggerModelHandler - Setting level of ROOT logger to INFO
21:55:15,042 |-INFO in ch.qos.logback.core.model.processor.AppenderRefModelHandler - Attaching appender named [CONSOLE] to Logger[ROOT]
21:55:15,044 |-INFO in ch.qos.logback.core.model.processor.DefaultProcessor@7446d8d5 - End of configuration.
21:55:15,045 |-INFO in ch.qos.logback.classic.joran.JoranConfigurator@5c3b6c6e - Registering current configuration as safe fallback point

[Test worker] INFO  o.s.t.c.s.AnnotationConfigContextLoaderUtils - Could not detect default configuration classes for test class [pl.zajavka.api.controller.rest.CepikRestControllerTest]: CepikRestControllerTest does not declare any static, non-private, non-final, nested classes annotated with @Configuration.
[Test worker] INFO  o.s.b.t.c.SpringBootTestContextBootstrapper - Found @SpringBootConfiguration pl.zajavka.CarDealershipApplication for test class pl.zajavka.api.controller.rest.CepikRestControllerTest
21:55:16,933 |-INFO in ch.qos.logback.core.model.processor.AppenderModelHandler - Processing appender named [CONSOLE]
21:55:16,933 |-INFO in ch.qos.logback.core.model.processor.AppenderModelHandler - About to instantiate appender of type [ch.qos.logback.core.ConsoleAppender]
21:55:16,933 |-INFO in ch.qos.logback.core.model.processor.ImplicitModelHandler - Assuming default type [ch.qos.logback.classic.encoder.PatternLayoutEncoder] for [encoder] property
21:55:16,933 |-WARN in ch.qos.logback.core.model.processor.ImplicitModelHandler - Ignoring unknown property [charstet] in [ch.qos.logback.classic.encoder.PatternLayoutEncoder]
21:55:16,934 |-INFO in ch.qos.logback.classic.model.processor.RootLoggerModelHandler - Setting level of ROOT logger to INFO
21:55:16,934 |-INFO in ch.qos.logback.classic.jul.LevelChangePropagator@5c73f672 - Propagating INFO level on Logger[ROOT] onto the JUL framework
21:55:16,935 |-INFO in ch.qos.logback.core.model.processor.AppenderRefModelHandler - Attaching appender named [CONSOLE] to Logger[ROOT]
21:55:16,935 |-INFO in ch.qos.logback.core.model.processor.DefaultProcessor@8ee0c23 - End of configuration.
21:55:16,936 |-INFO in org.springframework.boot.logging.logback.SpringBootJoranConfigurator@2ab5afc7 - Registering current configuration as safe fallback point


  .   ____          _            __ _ _
 /\\ / ___'_ __ _ _(_)_ __  __ _ \ \ \ \
( ( )\___ | '_ | '_| | '_ \/ _` | \ \ \ \
 \\/  ___)| |_)| | | | | || (_| |  ) ) ) )
  '  |____| .__|_| |_|_| |_\__, | / / / /
 =========|_|==============|___/=/_/_/_/
 :: Spring Boot ::                (v3.1.0)

[background-preinit] INFO  o.h.validator.internal.util.Version - HV000001: Hibernate Validator 8.0.0.Final
[Test worker] INFO  p.z.a.c.rest.CepikRestControllerTest - Starting CepikRestControllerTest using Java 17.0.1 with PID 3144 (started by Asuseusz in C:\Users\marys\Desktop\zaJavka\Car-Dealership)
[Test worker] INFO  p.z.a.c.rest.CepikRestControllerTest - The following 1 profile is active: "test"
[Test worker] WARN  o.s.b.a.s.s.UserDetailsServiceAutoConfiguration - 

Using generated security password: 1e4f2b23-3f95-456b-b108-ba3aa6b61444

This generated password is for development use only. Your security configuration must be updated before running your application in production.

[Test worker] INFO  o.s.s.web.DefaultSecurityFilterChain - Will secure any request with [org.springframework.security.web.session.DisableEncodeUrlFilter@76e2a621, org.springframework.security.web.context.request.async.WebAsyncManagerIntegrationFilter@42805abe, org.springframework.security.web.context.SecurityContextHolderFilter@1e4c4fda, org.springframework.security.web.header.HeaderWriterFilter@5acd7d1c, org.springframework.security.web.csrf.CsrfFilter@ae74eef, org.springframework.security.web.authentication.logout.LogoutFilter@29ee8174, org.springframework.security.web.authentication.UsernamePasswordAuthenticationFilter@2fa2143d, org.springframework.security.web.authentication.ui.DefaultLoginPageGeneratingFilter@6d92e327, org.springframework.security.web.authentication.ui.DefaultLogoutPageGeneratingFilter@2e7517aa, org.springframework.security.web.authentication.www.BasicAuthenticationFilter@20f99c18, org.springframework.security.web.savedrequest.RequestCacheAwareFilter@903c13, org.springframework.security.web.servletapi.SecurityContextHolderAwareRequestFilter@5f4e389a, org.springframework.security.web.authentication.AnonymousAuthenticationFilter@152035eb, org.springframework.security.web.access.ExceptionTranslationFilter@23263ba, org.springframework.security.web.access.intercept.AuthorizationFilter@470b5213]
[Test worker] INFO  o.s.b.t.m.w.SpringBootMockServletContext - Initializing Spring TestDispatcherServlet ''
[Test worker] INFO  o.s.t.w.s.TestDispatcherServlet - Initializing Servlet ''
[Test worker] INFO  o.s.t.w.s.TestDispatcherServlet - Completed initialization in 4 ms
[Test worker] INFO  p.z.a.c.rest.CepikRestControllerTest - Started CepikRestControllerTest in 15.074 seconds (process running for 19.406)
]]></system-out>
  <system-err><![CDATA[]]></system-err>
</testsuite>
