<?xml version="1.0" encoding="UTF-8"?>
<testsuite name="pl.zajavka.integration.CarDealershipTest" tests="6" skipped="0" failures="0" errors="0" timestamp="2023-05-11T06:52:06" hostname="LAPTOP-O9433SLL" time="0.041">
  <properties/>
  <testcase name="purge()" classname="pl.zajavka.integration.CarDealershipTest" time="0.027"/>
  <testcase name="init()" classname="pl.zajavka.integration.CarDealershipTest" time="0.001"/>
  <testcase name="purchase()" classname="pl.zajavka.integration.CarDealershipTest" time="0.001"/>
  <testcase name="makeServiceRequests()" classname="pl.zajavka.integration.CarDealershipTest" time="0.002"/>
  <testcase name="processServiceRequests()" classname="pl.zajavka.integration.CarDealershipTest" time="0.002"/>
  <testcase name="printCarHistory()" classname="pl.zajavka.integration.CarDealershipTest" time="0.001"/>
  <system-out><![CDATA[08:52:05,798 |-INFO in ch.qos.logback.classic.LoggerContext[default] - This is logback-classic version 1.4.6
08:52:05,823 |-INFO in ch.qos.logback.classic.LoggerContext[default] - Could NOT find resource [logback-test.xml]
08:52:05,827 |-INFO in ch.qos.logback.classic.LoggerContext[default] - Found resource [logback.xml] at [file:/C:/Users/marys/Desktop/zaJavka/Car-Dealership/build/resources/main/logback.xml]
08:52:06,007 |-INFO in ch.qos.logback.core.model.processor.AppenderModelHandler - Processing appender named [CONSOLE]
08:52:06,008 |-INFO in ch.qos.logback.core.model.processor.AppenderModelHandler - About to instantiate appender of type [ch.qos.logback.core.ConsoleAppender]
08:52:06,025 |-INFO in ch.qos.logback.core.model.processor.ImplicitModelHandler - Assuming default type [ch.qos.logback.classic.encoder.PatternLayoutEncoder] for [encoder] property
08:52:06,028 |-WARN in ch.qos.logback.core.model.processor.ImplicitModelHandler - Ignoring unknown property [charstet] in [ch.qos.logback.classic.encoder.PatternLayoutEncoder]
08:52:06,068 |-INFO in ch.qos.logback.classic.model.processor.RootLoggerModelHandler - Setting level of ROOT logger to INFO
08:52:06,068 |-INFO in ch.qos.logback.core.model.processor.AppenderRefModelHandler - Attaching appender named [CONSOLE] to Logger[ROOT]
08:52:06,069 |-INFO in ch.qos.logback.core.model.processor.DefaultProcessor@3bcbb589 - End of configuration.
08:52:06,070 |-INFO in ch.qos.logback.classic.joran.JoranConfigurator@3b00856b - Registering current configuration as safe fallback point

INFO  p.z.integration.CarDealershipTest - ### RUNNING ORDER 1
INFO  p.z.integration.CarDealershipTest - ### RUNNING ORDER 2
INFO  p.z.integration.CarDealershipTest - ### RUNNING ORDER 3
INFO  p.z.integration.CarDealershipTest - ### RUNNING ORDER 4
INFO  p.z.integration.CarDealershipTest - ### RUNNING ORDER 5
INFO  p.z.integration.CarDealershipTest - ### RUNNING ORDER 6
INFO  org.hibernate.Version - HHH000412: Hibernate ORM core version 6.1.7.Final
INFO  o.h.e.j.c.i.ConnectionProviderInitiator - HHH000130: Instantiating explicit connection provider: org.hibernate.hikaricp.internal.HikariCPConnectionProvider
INFO  com.zaxxer.hikari.HikariDataSource - HikariPool-1 - Starting...
INFO  com.zaxxer.hikari.pool.HikariPool - HikariPool-1 - Added connection org.postgresql.jdbc.PgConnection@6482eef
INFO  com.zaxxer.hikari.HikariDataSource - HikariPool-1 - Start completed.
INFO  SQL dialect - HHH000400: Using dialect: org.hibernate.dialect.PostgreSQLDialect
INFO  o.h.e.t.j.p.i.JtaPlatformInitiator - HHH000490: Using JtaPlatform implementation: [org.hibernate.engine.transaction.jta.platform.internal.NoJtaPlatform]
INFO  com.zaxxer.hikari.HikariDataSource - HikariPool-1 - Shutdown initiated...
INFO  com.zaxxer.hikari.HikariDataSource - HikariPool-1 - Shutdown completed.
]]></system-out>
  <system-err><![CDATA[]]></system-err>
</testsuite>
