<?xml version="1.0" encoding="UTF-8"?>
<testsuite name="pl.zajavka.api.controller.rest.CepikRestControllerTest" tests="1" skipped="0" failures="0" errors="0" timestamp="2023-07-07T06:04:22" hostname="LAPTOP-O9433SLL" time="0.451">
  <properties/>
  <testcase name="carPurchaseWorksCorrectly()" classname="pl.zajavka.api.controller.rest.CepikRestControllerTest" time="0.451"/>
  <system-out><![CDATA[[Test worker] INFO  o.s.t.c.s.AnnotationConfigContextLoaderUtils - Could not detect default configuration classes for test class [pl.zajavka.api.controller.rest.CepikRestControllerTest]: CepikRestControllerTest does not declare any static, non-private, non-final, nested classes annotated with @Configuration.
[Test worker] INFO  o.s.b.t.c.SpringBootTestContextBootstrapper - Found @SpringBootConfiguration pl.zajavka.CarDealershipApplication for test class pl.zajavka.api.controller.rest.CepikRestControllerTest

  .   ____          _            __ _ _
 /\\ / ___'_ __ _ _(_)_ __  __ _ \ \ \ \
( ( )\___ | '_ | '_| | '_ \/ _` | \ \ \ \
 \\/  ___)| |_)| | | | | || (_| |  ) ) ) )
  '  |____| .__|_| |_|_| |_\__, | / / / /
 =========|_|==============|___/=/_/_/_/
 :: Spring Boot ::                (v3.1.0)

[Test worker] INFO  p.z.a.c.rest.CepikRestControllerTest - Starting CepikRestControllerTest using Java 17.0.1 with PID 17140 (started by Asuseusz in C:\Users\marys\Desktop\zaJavka\Car-Dealership)
[Test worker] INFO  p.z.a.c.rest.CepikRestControllerTest - The following 1 profile is active: "test"
[Test worker] WARN  o.s.b.a.s.s.UserDetailsServiceAutoConfiguration - 

Using generated security password: b1149926-5722-4565-8c78-c4d94b61d933

This generated password is for development use only. Your security configuration must be updated before running your application in production.

[Test worker] INFO  o.s.s.web.DefaultSecurityFilterChain - Will secure any request with [org.springframework.security.web.session.DisableEncodeUrlFilter@3f213e97, org.springframework.security.web.context.request.async.WebAsyncManagerIntegrationFilter@693c7741, org.springframework.security.web.context.SecurityContextHolderFilter@2e729fea, org.springframework.security.web.header.HeaderWriterFilter@54151d07, org.springframework.security.web.csrf.CsrfFilter@3ed1446c, org.springframework.security.web.authentication.logout.LogoutFilter@157ff8f8, org.springframework.security.web.authentication.UsernamePasswordAuthenticationFilter@4a2bc71f, org.springframework.security.web.authentication.ui.DefaultLoginPageGeneratingFilter@17a756db, org.springframework.security.web.authentication.ui.DefaultLogoutPageGeneratingFilter@7d3b4646, org.springframework.security.web.authentication.www.BasicAuthenticationFilter@20f94e9a, org.springframework.security.web.savedrequest.RequestCacheAwareFilter@1a345c6c, org.springframework.security.web.servletapi.SecurityContextHolderAwareRequestFilter@6b26839d, org.springframework.security.web.authentication.AnonymousAuthenticationFilter@175c4ae5, org.springframework.security.web.access.ExceptionTranslationFilter@2e9bff08, org.springframework.security.web.access.intercept.AuthorizationFilter@67263db7]
[Test worker] INFO  o.s.b.t.m.w.SpringBootMockServletContext - Initializing Spring TestDispatcherServlet ''
[Test worker] INFO  o.s.t.w.s.TestDispatcherServlet - Initializing Servlet ''
[Test worker] INFO  o.s.t.w.s.TestDispatcherServlet - Completed initialization in 1 ms
[Test worker] INFO  p.z.a.c.rest.CepikRestControllerTest - Started CepikRestControllerTest in 2.13 seconds (process running for 21.349)
]]></system-out>
  <system-err><![CDATA[]]></system-err>
</testsuite>
