<?xml version="1.0" encoding="UTF-8"?>
<testsuite name="pl.zajavka.integration.CarDealershipTest" tests="6" skipped="0" failures="0" errors="0" timestamp="2023-05-17T10:22:33" hostname="LAPTOP-O9433SLL" time="5.994">
  <properties/>
  <testcase name="purge()" classname="pl.zajavka.integration.CarDealershipTest" time="4.874"/>
  <testcase name="init()" classname="pl.zajavka.integration.CarDealershipTest" time="0.219"/>
  <testcase name="purchase()" classname="pl.zajavka.integration.CarDealershipTest" time="0.49"/>
  <testcase name="makeServiceRequests()" classname="pl.zajavka.integration.CarDealershipTest" time="0.113"/>
  <testcase name="processServiceRequests()" classname="pl.zajavka.integration.CarDealershipTest" time="0.282"/>
  <testcase name="printCarHistory()" classname="pl.zajavka.integration.CarDealershipTest" time="0.002"/>
  <system-out><![CDATA[12:22:33,408 |-INFO in ch.qos.logback.classic.LoggerContext[default] - This is logback-classic version 1.4.6
12:22:33,448 |-INFO in ch.qos.logback.classic.LoggerContext[default] - Could NOT find resource [logback-test.xml]
12:22:33,453 |-INFO in ch.qos.logback.classic.LoggerContext[default] - Found resource [logback.xml] at [file:/C:/Users/marys/Desktop/zaJavka/Car-Dealership/build/resources/main/logback.xml]
12:22:33,669 |-INFO in ch.qos.logback.core.model.processor.AppenderModelHandler - Processing appender named [CONSOLE]
12:22:33,669 |-INFO in ch.qos.logback.core.model.processor.AppenderModelHandler - About to instantiate appender of type [ch.qos.logback.core.ConsoleAppender]
12:22:33,681 |-INFO in ch.qos.logback.core.model.processor.ImplicitModelHandler - Assuming default type [ch.qos.logback.classic.encoder.PatternLayoutEncoder] for [encoder] property
12:22:33,683 |-WARN in ch.qos.logback.core.model.processor.ImplicitModelHandler - Ignoring unknown property [charstet] in [ch.qos.logback.classic.encoder.PatternLayoutEncoder]
12:22:33,721 |-INFO in ch.qos.logback.classic.model.processor.RootLoggerModelHandler - Setting level of ROOT logger to INFO
12:22:33,722 |-INFO in ch.qos.logback.core.model.processor.AppenderRefModelHandler - Attaching appender named [CONSOLE] to Logger[ROOT]
12:22:33,723 |-INFO in ch.qos.logback.core.model.processor.DefaultProcessor@35d08e6c - End of configuration.
12:22:33,724 |-INFO in ch.qos.logback.classic.joran.JoranConfigurator@53d102a2 - Registering current configuration as safe fallback point

INFO  p.z.integration.CarDealershipTest - ### RUNNING ORDER 1
INFO  org.hibernate.Version - HHH000412: Hibernate ORM core version 6.1.7.Final
INFO  o.h.e.j.c.i.ConnectionProviderInitiator - HHH000130: Instantiating explicit connection provider: org.hibernate.hikaricp.internal.HikariCPConnectionProvider
INFO  com.zaxxer.hikari.HikariDataSource - HikariPool-1 - Starting...
INFO  com.zaxxer.hikari.pool.HikariPool - HikariPool-1 - Added connection org.postgresql.jdbc.PgConnection@41b0ae4c
INFO  com.zaxxer.hikari.HikariDataSource - HikariPool-1 - Start completed.
INFO  SQL dialect - HHH000400: Using dialect: org.hibernate.dialect.PostgreSQLDialect
INFO  o.h.e.t.j.p.i.JtaPlatformInitiator - HHH000490: Using JtaPlatform implementation: [org.hibernate.engine.transaction.jta.platform.internal.NoJtaPlatform]
Hibernate: delete from service_mechanic
Hibernate: delete from service_part
Hibernate: delete from car_service_request
Hibernate: delete from invoice
Hibernate: delete from mechanic
Hibernate: delete from part
Hibernate: delete from service
Hibernate: delete from car_to_buy
Hibernate: delete from car_to_service
Hibernate: delete from customer
Hibernate: delete from address
Hibernate: delete from salesman
INFO  p.z.integration.CarDealershipTest - ### RUNNING ORDER 2
Hibernate: insert into salesman (name, pesel, surname) values (?, ?, ?)
Hibernate: insert into salesman (name, pesel, surname) values (?, ?, ?)
Hibernate: insert into salesman (name, pesel, surname) values (?, ?, ?)
Hibernate: insert into salesman (name, pesel, surname) values (?, ?, ?)
Hibernate: insert into mechanic (name, pesel, surname) values (?, ?, ?)
Hibernate: insert into mechanic (name, pesel, surname) values (?, ?, ?)
Hibernate: insert into mechanic (name, pesel, surname) values (?, ?, ?)
Hibernate: insert into car_to_buy (brand, color, model, price, vin, year) values (?, ?, ?, ?, ?, ?)
Hibernate: insert into car_to_buy (brand, color, model, price, vin, year) values (?, ?, ?, ?, ?, ?)
Hibernate: insert into car_to_buy (brand, color, model, price, vin, year) values (?, ?, ?, ?, ?, ?)
Hibernate: insert into car_to_buy (brand, color, model, price, vin, year) values (?, ?, ?, ?, ?, ?)
Hibernate: insert into car_to_buy (brand, color, model, price, vin, year) values (?, ?, ?, ?, ?, ?)
Hibernate: insert into car_to_buy (brand, color, model, price, vin, year) values (?, ?, ?, ?, ?, ?)
Hibernate: insert into service (description, price, service_code) values (?, ?, ?)
Hibernate: insert into service (description, price, service_code) values (?, ?, ?)
Hibernate: insert into service (description, price, service_code) values (?, ?, ?)
Hibernate: insert into service (description, price, service_code) values (?, ?, ?)
Hibernate: insert into service (description, price, service_code) values (?, ?, ?)
Hibernate: insert into part (description, price, serial_number) values (?, ?, ?)
Hibernate: insert into part (description, price, serial_number) values (?, ?, ?)
Hibernate: insert into part (description, price, serial_number) values (?, ?, ?)
Hibernate: insert into part (description, price, serial_number) values (?, ?, ?)
INFO  p.z.integration.CarDealershipTest - ### RUNNING ORDER 3
Hibernate: select c1_0.car_to_buy_id,c1_0.brand,c1_0.color,c1_0.model,c1_0.price,c1_0.vin,c1_0.year from car_to_buy c1_0 where c1_0.vin=?
Hibernate: select i1_0.invoice_id,i1_0.car_to_buy_id,i1_0.customer_id,i1_0.date_time,i1_0.invoice_number,i1_0.salesman_id from invoice i1_0 where i1_0.car_to_buy_id=?
Hibernate: select s1_0.salesman_id,s1_0.name,s1_0.pesel,s1_0.surname from salesman s1_0 where s1_0.pesel=?
Hibernate: select c1_0.car_to_buy_id,c1_0.brand,c1_0.color,c1_0.model,c1_0.price,c1_0.vin,c1_0.year from car_to_buy c1_0 where c1_0.vin=?
Hibernate: select i1_0.invoice_id,i1_0.car_to_buy_id,i1_0.customer_id,i1_0.date_time,i1_0.invoice_number,i1_0.salesman_id from invoice i1_0 where i1_0.car_to_buy_id=?
Hibernate: select s1_0.salesman_id,s1_0.name,s1_0.pesel,s1_0.surname from salesman s1_0 where s1_0.pesel=?
Hibernate: select c1_0.car_to_buy_id,c1_0.brand,c1_0.color,c1_0.model,c1_0.price,c1_0.vin,c1_0.year from car_to_buy c1_0 where c1_0.vin=?
Hibernate: select i1_0.invoice_id,i1_0.car_to_buy_id,i1_0.customer_id,i1_0.date_time,i1_0.invoice_number,i1_0.salesman_id from invoice i1_0 where i1_0.car_to_buy_id=?
Hibernate: select s1_0.salesman_id,s1_0.name,s1_0.pesel,s1_0.surname from salesman s1_0 where s1_0.pesel=?
Hibernate: select c1_0.car_to_buy_id,c1_0.brand,c1_0.color,c1_0.model,c1_0.price,c1_0.vin,c1_0.year from car_to_buy c1_0 where c1_0.vin=?
Hibernate: select i1_0.invoice_id,i1_0.car_to_buy_id,i1_0.customer_id,i1_0.date_time,i1_0.invoice_number,i1_0.salesman_id from invoice i1_0 where i1_0.car_to_buy_id=?
Hibernate: select s1_0.salesman_id,s1_0.name,s1_0.pesel,s1_0.surname from salesman s1_0 where s1_0.pesel=?
Hibernate: select c1_0.car_to_buy_id,c1_0.brand,c1_0.color,c1_0.model,c1_0.price,c1_0.vin,c1_0.year from car_to_buy c1_0 where c1_0.vin=?
Hibernate: select i1_0.invoice_id,i1_0.car_to_buy_id,i1_0.customer_id,i1_0.date_time,i1_0.invoice_number,i1_0.salesman_id from invoice i1_0 where i1_0.car_to_buy_id=?
Hibernate: select s1_0.salesman_id,s1_0.name,s1_0.pesel,s1_0.surname from salesman s1_0 where s1_0.pesel=?
Hibernate: insert into address (address, city, country, postal_code) values (?, ?, ?, ?)
Hibernate: insert into customer (address_id, email, name, phone, surname) values (?, ?, ?, ?, ?)
Hibernate: insert into invoice (car_to_buy_id, customer_id, date_time, invoice_number, salesman_id) values (?, ?, ?, ?, ?)
Hibernate: insert into address (address, city, country, postal_code) values (?, ?, ?, ?)
Hibernate: insert into customer (address_id, email, name, phone, surname) values (?, ?, ?, ?, ?)
Hibernate: insert into invoice (car_to_buy_id, customer_id, date_time, invoice_number, salesman_id) values (?, ?, ?, ?, ?)
Hibernate: insert into address (address, city, country, postal_code) values (?, ?, ?, ?)
Hibernate: insert into customer (address_id, email, name, phone, surname) values (?, ?, ?, ?, ?)
Hibernate: insert into invoice (car_to_buy_id, customer_id, date_time, invoice_number, salesman_id) values (?, ?, ?, ?, ?)
Hibernate: insert into address (address, city, country, postal_code) values (?, ?, ?, ?)
Hibernate: insert into customer (address_id, email, name, phone, surname) values (?, ?, ?, ?, ?)
Hibernate: insert into invoice (car_to_buy_id, customer_id, date_time, invoice_number, salesman_id) values (?, ?, ?, ?, ?)
Hibernate: insert into address (address, city, country, postal_code) values (?, ?, ?, ?)
Hibernate: insert into customer (address_id, email, name, phone, surname) values (?, ?, ?, ?, ?)
Hibernate: insert into invoice (car_to_buy_id, customer_id, date_time, invoice_number, salesman_id) values (?, ?, ?, ?, ?)
Hibernate: select c1_0.customer_id,c1_0.address_id,c1_0.email,c1_0.name,c1_0.phone,c1_0.surname from customer c1_0 where c1_0.email=?
Hibernate: select a1_0.address_id,a1_0.address,a1_0.city,a1_0.country,a1_0.postal_code from address a1_0 where a1_0.address_id=?
Hibernate: select c1_0.customer_id,a1_0.address_id,a1_0.address,a1_0.city,a1_0.country,a1_0.postal_code,c2_0.customer_id,c2_0.car_service_request_id,c2_0.car_to_service_id,c2_0.car_service_request_number,c2_0.completed_date_time,c2_0.customer_comment,c2_0.received_date_time,c1_0.email,i1_0.customer_id,i1_0.invoice_id,i1_0.car_to_buy_id,i1_0.date_time,i1_0.invoice_number,i1_0.salesman_id,c1_0.name,c1_0.phone,c1_0.surname from customer c1_0 left join address a1_0 on a1_0.address_id=c1_0.address_id left join car_service_request c2_0 on c1_0.customer_id=c2_0.customer_id left join invoice i1_0 on c1_0.customer_id=i1_0.customer_id where c1_0.address_id=?
Hibernate: select c1_0.car_to_buy_id,c1_0.brand,c1_0.color,c1_0.model,c1_0.price,c1_0.vin,c1_0.year from car_to_buy c1_0 where c1_0.vin=?
Hibernate: select i1_0.invoice_id,i1_0.car_to_buy_id,i1_0.customer_id,i1_0.date_time,i1_0.invoice_number,i1_0.salesman_id from invoice i1_0 where i1_0.car_to_buy_id=?
Hibernate: select s1_0.salesman_id,s1_0.name,s1_0.pesel,s1_0.surname from salesman s1_0 where s1_0.pesel=?
Hibernate: insert into invoice (car_to_buy_id, customer_id, date_time, invoice_number, salesman_id) values (?, ?, ?, ?, ?)
INFO  p.z.integration.CarDealershipTest - ### RUNNING ORDER 4
Hibernate: select c1_0.car_to_service_id,c1_0.brand,c1_0.model,c1_0.vin,c1_0.year from car_to_service c1_0 where c1_0.vin=?
Hibernate: select c1_0.car_to_buy_id,c1_0.brand,c1_0.color,c1_0.model,c1_0.price,c1_0.vin,c1_0.year from car_to_buy c1_0 where c1_0.vin=?
Hibernate: select i1_0.invoice_id,i1_0.car_to_buy_id,i1_0.customer_id,i1_0.date_time,i1_0.invoice_number,i1_0.salesman_id from invoice i1_0 where i1_0.car_to_buy_id=?
Hibernate: insert into car_to_service (brand, model, vin, year) values (?, ?, ?, ?)
Hibernate: select c1_0.customer_id,c1_0.address_id,c1_0.email,c1_0.name,c1_0.phone,c1_0.surname from customer c1_0 where c1_0.email=?
Hibernate: select a1_0.address_id,a1_0.address,a1_0.city,a1_0.country,a1_0.postal_code from address a1_0 where a1_0.address_id=?
Hibernate: select c1_0.customer_id,a1_0.address_id,a1_0.address,a1_0.city,a1_0.country,a1_0.postal_code,c2_0.customer_id,c2_0.car_service_request_id,c2_0.car_to_service_id,c2_0.car_service_request_number,c2_0.completed_date_time,c2_0.customer_comment,c2_0.received_date_time,c1_0.email,i1_0.customer_id,i1_0.invoice_id,i1_0.car_to_buy_id,i1_0.date_time,i1_0.invoice_number,i1_0.salesman_id,c1_0.name,c1_0.phone,c1_0.surname from customer c1_0 left join address a1_0 on a1_0.address_id=c1_0.address_id left join car_service_request c2_0 on c1_0.customer_id=c2_0.customer_id left join invoice i1_0 on c1_0.customer_id=i1_0.customer_id where c1_0.address_id=?
Hibernate: insert into car_service_request (car_to_service_id, car_service_request_number, completed_date_time, customer_id, customer_comment, received_date_time) values (?, ?, ?, ?, ?, ?)
Hibernate: select c1_0.car_to_service_id,c1_0.brand,c1_0.model,c1_0.vin,c1_0.year from car_to_service c1_0 where c1_0.vin=?
Hibernate: select c1_0.car_to_buy_id,c1_0.brand,c1_0.color,c1_0.model,c1_0.price,c1_0.vin,c1_0.year from car_to_buy c1_0 where c1_0.vin=?
Hibernate: select i1_0.invoice_id,i1_0.car_to_buy_id,i1_0.customer_id,i1_0.date_time,i1_0.invoice_number,i1_0.salesman_id from invoice i1_0 where i1_0.car_to_buy_id=?
Hibernate: insert into car_to_service (brand, model, vin, year) values (?, ?, ?, ?)
Hibernate: select c1_0.customer_id,c1_0.address_id,c1_0.email,c1_0.name,c1_0.phone,c1_0.surname from customer c1_0 where c1_0.email=?
Hibernate: select a1_0.address_id,a1_0.address,a1_0.city,a1_0.country,a1_0.postal_code from address a1_0 where a1_0.address_id=?
Hibernate: select c1_0.customer_id,a1_0.address_id,a1_0.address,a1_0.city,a1_0.country,a1_0.postal_code,c2_0.customer_id,c2_0.car_service_request_id,c2_0.car_to_service_id,c2_0.car_service_request_number,c2_0.completed_date_time,c2_0.customer_comment,c2_0.received_date_time,c1_0.email,i1_0.customer_id,i1_0.invoice_id,i1_0.car_to_buy_id,i1_0.date_time,i1_0.invoice_number,i1_0.salesman_id,c1_0.name,c1_0.phone,c1_0.surname from customer c1_0 left join address a1_0 on a1_0.address_id=c1_0.address_id left join car_service_request c2_0 on c1_0.customer_id=c2_0.customer_id left join invoice i1_0 on c1_0.customer_id=i1_0.customer_id where c1_0.address_id=?
Hibernate: insert into car_service_request (car_to_service_id, car_service_request_number, completed_date_time, customer_id, customer_comment, received_date_time) values (?, ?, ?, ?, ?, ?)
Hibernate: insert into car_to_service (brand, model, vin, year) values (?, ?, ?, ?)
Hibernate: insert into address (address, city, country, postal_code) values (?, ?, ?, ?)
Hibernate: insert into customer (address_id, email, name, phone, surname) values (?, ?, ?, ?, ?)
Hibernate: insert into car_service_request (car_to_service_id, car_service_request_number, completed_date_time, customer_id, customer_comment, received_date_time) values (?, ?, ?, ?, ?, ?)
INFO  p.z.integration.CarDealershipTest - ### RUNNING ORDER 5
Hibernate: select m1_0.mechanic_id,m1_0.name,m1_0.pesel,m1_0.surname from mechanic m1_0 where m1_0.pesel=?
Hibernate: select c1_0.car_to_service_id,c1_0.brand,c1_0.model,c1_0.vin,c1_0.year from car_to_service c1_0 where c1_0.vin=?
Hibernate: select c1_0.car_service_request_id,c1_0.car_to_service_id,c1_0.car_service_request_number,c1_0.completed_date_time,c1_0.customer_id,c1_0.customer_comment,c1_0.received_date_time from car_service_request c1_0 join car_to_service c2_0 on c2_0.car_to_service_id=c1_0.car_to_service_id where c2_0.vin=? and c1_0.completed_date_time is null
Hibernate: select s1_0.service_id,s1_0.description,s1_0.price,s1_0.service_code from service s1_0 where s1_0.service_code=?
Hibernate: select p1_0.part_id,p1_0.description,p1_0.price,p1_0.serial_number from part p1_0 where p1_0.serial_number=?
Hibernate: insert into service_mechanic (car_service_request_id, comment, hours, mechanic_id, service_id) values (?, ?, ?, ?, ?)
Hibernate: select p1_0.part_id,p1_0.description,p1_0.price,p1_0.serial_number from part p1_0 where p1_0.part_id=?
Hibernate: insert into service_part (car_service_request_id, part_id, quantity) values (?, ?, ?)
Hibernate: select m1_0.mechanic_id,m1_0.name,m1_0.pesel,m1_0.surname from mechanic m1_0 where m1_0.pesel=?
Hibernate: select c1_0.car_to_service_id,c1_0.brand,c1_0.model,c1_0.vin,c1_0.year from car_to_service c1_0 where c1_0.vin=?
Hibernate: select c1_0.car_service_request_id,c1_0.car_to_service_id,c1_0.car_service_request_number,c1_0.completed_date_time,c1_0.customer_id,c1_0.customer_comment,c1_0.received_date_time from car_service_request c1_0 join car_to_service c2_0 on c2_0.car_to_service_id=c1_0.car_to_service_id where c2_0.vin=? and c1_0.completed_date_time is null
Hibernate: select s1_0.service_id,s1_0.description,s1_0.price,s1_0.service_code from service s1_0 where s1_0.service_code=?
Hibernate: insert into service_mechanic (car_service_request_id, comment, hours, mechanic_id, service_id) values (?, ?, ?, ?, ?)
Hibernate: select c1_0.car_service_request_id,c1_0.car_to_service_id,c1_0.car_service_request_number,c1_0.completed_date_time,c1_0.customer_id,c1_0.customer_comment,c1_0.received_date_time from car_service_request c1_0 where c1_0.car_service_request_id=?
Hibernate: update car_service_request set car_to_service_id=?, car_service_request_number=?, completed_date_time=?, customer_id=?, customer_comment=?, received_date_time=? where car_service_request_id=?
Hibernate: select m1_0.mechanic_id,m1_0.name,m1_0.pesel,m1_0.surname from mechanic m1_0 where m1_0.pesel=?
Hibernate: select c1_0.car_to_service_id,c1_0.brand,c1_0.model,c1_0.vin,c1_0.year from car_to_service c1_0 where c1_0.vin=?
Hibernate: select c1_0.car_service_request_id,c1_0.car_to_service_id,c1_0.car_service_request_number,c1_0.completed_date_time,c1_0.customer_id,c1_0.customer_comment,c1_0.received_date_time from car_service_request c1_0 join car_to_service c2_0 on c2_0.car_to_service_id=c1_0.car_to_service_id where c2_0.vin=? and c1_0.completed_date_time is null
Hibernate: select s1_0.service_id,s1_0.description,s1_0.price,s1_0.service_code from service s1_0 where s1_0.service_code=?
Hibernate: select p1_0.part_id,p1_0.description,p1_0.price,p1_0.serial_number from part p1_0 where p1_0.serial_number=?
Hibernate: insert into service_mechanic (car_service_request_id, comment, hours, mechanic_id, service_id) values (?, ?, ?, ?, ?)
Hibernate: select p1_0.part_id,p1_0.description,p1_0.price,p1_0.serial_number from part p1_0 where p1_0.part_id=?
Hibernate: insert into service_part (car_service_request_id, part_id, quantity) values (?, ?, ?)
Hibernate: select m1_0.mechanic_id,m1_0.name,m1_0.pesel,m1_0.surname from mechanic m1_0 where m1_0.pesel=?
Hibernate: select c1_0.car_to_service_id,c1_0.brand,c1_0.model,c1_0.vin,c1_0.year from car_to_service c1_0 where c1_0.vin=?
Hibernate: select c1_0.car_service_request_id,c1_0.car_to_service_id,c1_0.car_service_request_number,c1_0.completed_date_time,c1_0.customer_id,c1_0.customer_comment,c1_0.received_date_time from car_service_request c1_0 join car_to_service c2_0 on c2_0.car_to_service_id=c1_0.car_to_service_id where c2_0.vin=? and c1_0.completed_date_time is null
Hibernate: select s1_0.service_id,s1_0.description,s1_0.price,s1_0.service_code from service s1_0 where s1_0.service_code=?
Hibernate: select p1_0.part_id,p1_0.description,p1_0.price,p1_0.serial_number from part p1_0 where p1_0.serial_number=?
Hibernate: insert into service_mechanic (car_service_request_id, comment, hours, mechanic_id, service_id) values (?, ?, ?, ?, ?)
Hibernate: select p1_0.part_id,p1_0.description,p1_0.price,p1_0.serial_number from part p1_0 where p1_0.part_id=?
Hibernate: insert into service_part (car_service_request_id, part_id, quantity) values (?, ?, ?)
Hibernate: select m1_0.mechanic_id,m1_0.name,m1_0.pesel,m1_0.surname from mechanic m1_0 where m1_0.pesel=?
Hibernate: select c1_0.car_to_service_id,c1_0.brand,c1_0.model,c1_0.vin,c1_0.year from car_to_service c1_0 where c1_0.vin=?
Hibernate: select c1_0.car_service_request_id,c1_0.car_to_service_id,c1_0.car_service_request_number,c1_0.completed_date_time,c1_0.customer_id,c1_0.customer_comment,c1_0.received_date_time from car_service_request c1_0 join car_to_service c2_0 on c2_0.car_to_service_id=c1_0.car_to_service_id where c2_0.vin=? and c1_0.completed_date_time is null
Hibernate: select s1_0.service_id,s1_0.description,s1_0.price,s1_0.service_code from service s1_0 where s1_0.service_code=?
Hibernate: select p1_0.part_id,p1_0.description,p1_0.price,p1_0.serial_number from part p1_0 where p1_0.serial_number=?
Hibernate: insert into service_mechanic (car_service_request_id, comment, hours, mechanic_id, service_id) values (?, ?, ?, ?, ?)
Hibernate: select p1_0.part_id,p1_0.description,p1_0.price,p1_0.serial_number from part p1_0 where p1_0.part_id=?
Hibernate: insert into service_part (car_service_request_id, part_id, quantity) values (?, ?, ?)
Hibernate: select c1_0.car_service_request_id,c1_0.car_to_service_id,c1_0.car_service_request_number,c1_0.completed_date_time,c1_0.customer_id,c1_0.customer_comment,c1_0.received_date_time from car_service_request c1_0 where c1_0.car_service_request_id=?
Hibernate: update car_service_request set car_to_service_id=?, car_service_request_number=?, completed_date_time=?, customer_id=?, customer_comment=?, received_date_time=? where car_service_request_id=?
INFO  p.z.integration.CarDealershipTest - ### RUNNING ORDER 6
INFO  com.zaxxer.hikari.HikariDataSource - HikariPool-1 - Shutdown initiated...
INFO  com.zaxxer.hikari.HikariDataSource - HikariPool-1 - Shutdown completed.
]]></system-out>
  <system-err><![CDATA[]]></system-err>
</testsuite>
