<?xml version="1.0" encoding="UTF-8"?>
<testsuite name="pl.zajavka.api.controller.HomeControllerWebMvcTest" tests="1" skipped="0" failures="0" errors="0" timestamp="2023-07-07T06:04:13" hostname="LAPTOP-O9433SLL" time="2.53">
  <properties/>
  <testcase name="homeWorksCorrectly()" classname="pl.zajavka.api.controller.HomeControllerWebMvcTest" time="2.53"/>
  <system-out><![CDATA[08:04:04,315 |-INFO in ch.qos.logback.classic.LoggerContext[default] - This is logback-classic version 1.4.7
08:04:04,367 |-INFO in ch.qos.logback.classic.LoggerContext[default] - Found resource [logback-test.xml] at [file:/C:/Users/marys/Desktop/zaJavka/Car-Dealership/build/resources/test/logback-test.xml]
08:04:04,597 |-INFO in ch.qos.logback.core.model.processor.AppenderModelHandler - Processing appender named [CONSOLE]
08:04:04,597 |-INFO in ch.qos.logback.core.model.processor.AppenderModelHandler - About to instantiate appender of type [ch.qos.logback.core.ConsoleAppender]
08:04:04,615 |-INFO in ch.qos.logback.core.model.processor.ImplicitModelHandler - Assuming default type [ch.qos.logback.classic.encoder.PatternLayoutEncoder] for [encoder] property
08:04:04,617 |-WARN in ch.qos.logback.core.model.processor.ImplicitModelHandler - Ignoring unknown property [charstet] in [ch.qos.logback.classic.encoder.PatternLayoutEncoder]
08:04:04,686 |-INFO in ch.qos.logback.classic.model.processor.RootLoggerModelHandler - Setting level of ROOT logger to INFO
08:04:04,687 |-INFO in ch.qos.logback.core.model.processor.AppenderRefModelHandler - Attaching appender named [CONSOLE] to Logger[ROOT]
08:04:04,689 |-INFO in ch.qos.logback.core.model.processor.DefaultProcessor@38be305c - End of configuration.
08:04:04,691 |-INFO in ch.qos.logback.classic.joran.JoranConfigurator@269f4bad - Registering current configuration as safe fallback point

[Test worker] INFO  o.s.t.c.s.AnnotationConfigContextLoaderUtils - Could not detect default configuration classes for test class [pl.zajavka.api.controller.HomeControllerWebMvcTest]: HomeControllerWebMvcTest does not declare any static, non-private, non-final, nested classes annotated with @Configuration.
[Test worker] INFO  o.s.b.t.c.SpringBootTestContextBootstrapper - Found @SpringBootConfiguration pl.zajavka.CarDealershipApplication for test class pl.zajavka.api.controller.HomeControllerWebMvcTest
08:04:06,253 |-INFO in ch.qos.logback.core.model.processor.AppenderModelHandler - Processing appender named [CONSOLE]
08:04:06,253 |-INFO in ch.qos.logback.core.model.processor.AppenderModelHandler - About to instantiate appender of type [ch.qos.logback.core.ConsoleAppender]
08:04:06,254 |-INFO in ch.qos.logback.core.model.processor.ImplicitModelHandler - Assuming default type [ch.qos.logback.classic.encoder.PatternLayoutEncoder] for [encoder] property
08:04:06,254 |-WARN in ch.qos.logback.core.model.processor.ImplicitModelHandler - Ignoring unknown property [charstet] in [ch.qos.logback.classic.encoder.PatternLayoutEncoder]
08:04:06,254 |-INFO in ch.qos.logback.classic.model.processor.RootLoggerModelHandler - Setting level of ROOT logger to INFO
08:04:06,255 |-INFO in ch.qos.logback.classic.jul.LevelChangePropagator@25a5c7db - Propagating INFO level on Logger[ROOT] onto the JUL framework
08:04:06,256 |-INFO in ch.qos.logback.core.model.processor.AppenderRefModelHandler - Attaching appender named [CONSOLE] to Logger[ROOT]
08:04:06,256 |-INFO in ch.qos.logback.core.model.processor.DefaultProcessor@4d27d9d - End of configuration.
08:04:06,256 |-INFO in org.springframework.boot.logging.logback.SpringBootJoranConfigurator@28f878a0 - Registering current configuration as safe fallback point


  .   ____          _            __ _ _
 /\\ / ___'_ __ _ _(_)_ __  __ _ \ \ \ \
( ( )\___ | '_ | '_| | '_ \/ _` | \ \ \ \
 \\/  ___)| |_)| | | | | || (_| |  ) ) ) )
  '  |____| .__|_| |_|_| |_\__, | / / / /
 =========|_|==============|___/=/_/_/_/
 :: Spring Boot ::                (v3.1.0)

[background-preinit] INFO  o.h.validator.internal.util.Version - HV000001: Hibernate Validator 8.0.0.Final
[Test worker] INFO  p.z.a.c.HomeControllerWebMvcTest - Starting HomeControllerWebMvcTest using Java 17.0.1 with PID 17140 (started by Asuseusz in C:\Users\marys\Desktop\zaJavka\Car-Dealership)
[Test worker] INFO  p.z.a.c.HomeControllerWebMvcTest - The following 1 profile is active: "test"
[Test worker] WARN  o.s.b.a.s.s.UserDetailsServiceAutoConfiguration - 

Using generated security password: 2a596cf1-533e-48c5-998e-1eaadcc280b7

This generated password is for development use only. Your security configuration must be updated before running your application in production.

[Test worker] INFO  o.s.s.web.DefaultSecurityFilterChain - Will secure any request with [org.springframework.security.web.session.DisableEncodeUrlFilter@6a6e9289, org.springframework.security.web.context.request.async.WebAsyncManagerIntegrationFilter@ff4b223, org.springframework.security.web.context.SecurityContextHolderFilter@56b05bd7, org.springframework.security.web.header.HeaderWriterFilter@72a3462f, org.springframework.security.web.csrf.CsrfFilter@1a89414e, org.springframework.security.web.authentication.logout.LogoutFilter@750e2d33, org.springframework.security.web.authentication.UsernamePasswordAuthenticationFilter@70a24f9, org.springframework.security.web.authentication.ui.DefaultLoginPageGeneratingFilter@5b7ee56c, org.springframework.security.web.authentication.ui.DefaultLogoutPageGeneratingFilter@61554b6b, org.springframework.security.web.authentication.www.BasicAuthenticationFilter@362a6aa5, org.springframework.security.web.savedrequest.RequestCacheAwareFilter@22aefae0, org.springframework.security.web.servletapi.SecurityContextHolderAwareRequestFilter@48277712, org.springframework.security.web.authentication.AnonymousAuthenticationFilter@761f234c, org.springframework.security.web.access.ExceptionTranslationFilter@485c84d7, org.springframework.security.web.access.intercept.AuthorizationFilter@20890a1a]
[Test worker] INFO  o.s.b.t.m.w.SpringBootMockServletContext - Initializing Spring TestDispatcherServlet ''
[Test worker] INFO  o.s.t.w.s.TestDispatcherServlet - Initializing Servlet ''
[Test worker] INFO  o.s.t.w.s.TestDispatcherServlet - Completed initialization in 3 ms
[Test worker] INFO  p.z.a.c.HomeControllerWebMvcTest - Started HomeControllerWebMvcTest in 7.979 seconds (process running for 12.007)
]]></system-out>
  <system-err><![CDATA[]]></system-err>
</testsuite>
