<?xml version="1.0" encoding="UTF-8"?>
<testsuite name="pl.zajavka.api.infrastructure.database.repository.jpa.CarToBuyJpaRepositoryTest" tests="1" skipped="0" failures="0" errors="0" timestamp="2023-07-05T17:58:14" hostname="LAPTOP-O9433SLL" time="1.537">
  <properties/>
  <testcase name="thatCarBeSavedCorrectly()" classname="pl.zajavka.api.infrastructure.database.repository.jpa.CarToBuyJpaRepositoryTest" time="1.537"/>
  <system-out><![CDATA[19:57:59,733 |-INFO in ch.qos.logback.classic.LoggerContext[default] - This is logback-classic version 1.4.7
19:57:59,787 |-INFO in ch.qos.logback.classic.LoggerContext[default] - Found resource [logback-test.xml] at [file:/C:/Users/marys/Desktop/zaJavka/Car-Dealership/build/resources/test/logback-test.xml]
19:58:00,093 |-INFO in ch.qos.logback.core.model.processor.AppenderModelHandler - Processing appender named [CONSOLE]
19:58:00,093 |-INFO in ch.qos.logback.core.model.processor.AppenderModelHandler - About to instantiate appender of type [ch.qos.logback.core.ConsoleAppender]
19:58:00,108 |-INFO in ch.qos.logback.core.model.processor.ImplicitModelHandler - Assuming default type [ch.qos.logback.classic.encoder.PatternLayoutEncoder] for [encoder] property
19:58:00,109 |-WARN in ch.qos.logback.core.model.processor.ImplicitModelHandler - Ignoring unknown property [charstet] in [ch.qos.logback.classic.encoder.PatternLayoutEncoder]
19:58:00,160 |-INFO in ch.qos.logback.classic.model.processor.RootLoggerModelHandler - Setting level of ROOT logger to INFO
19:58:00,162 |-INFO in ch.qos.logback.core.model.processor.AppenderRefModelHandler - Attaching appender named [CONSOLE] to Logger[ROOT]
19:58:00,163 |-INFO in ch.qos.logback.core.model.processor.DefaultProcessor@4721d212 - End of configuration.
19:58:00,164 |-INFO in ch.qos.logback.classic.joran.JoranConfigurator@1b065145 - Registering current configuration as safe fallback point

[Test worker] INFO  o.s.t.c.s.AnnotationConfigContextLoaderUtils - Could not detect default configuration classes for test class [pl.zajavka.api.infrastructure.database.repository.jpa.CarToBuyJpaRepositoryTest]: CarToBuyJpaRepositoryTest does not declare any static, non-private, non-final, nested classes annotated with @Configuration.
[Test worker] INFO  o.s.b.t.c.SpringBootTestContextBootstrapper - Found @SpringBootConfiguration pl.zajavka.CarDealershipApplication for test class pl.zajavka.api.infrastructure.database.repository.jpa.CarToBuyJpaRepositoryTest
19:58:01,680 |-INFO in ch.qos.logback.core.model.processor.AppenderModelHandler - Processing appender named [CONSOLE]
19:58:01,680 |-INFO in ch.qos.logback.core.model.processor.AppenderModelHandler - About to instantiate appender of type [ch.qos.logback.core.ConsoleAppender]
19:58:01,681 |-INFO in ch.qos.logback.core.model.processor.ImplicitModelHandler - Assuming default type [ch.qos.logback.classic.encoder.PatternLayoutEncoder] for [encoder] property
19:58:01,681 |-WARN in ch.qos.logback.core.model.processor.ImplicitModelHandler - Ignoring unknown property [charstet] in [ch.qos.logback.classic.encoder.PatternLayoutEncoder]
19:58:01,682 |-INFO in ch.qos.logback.classic.model.processor.RootLoggerModelHandler - Setting level of ROOT logger to INFO
19:58:01,683 |-INFO in ch.qos.logback.classic.jul.LevelChangePropagator@3b95d13c - Propagating INFO level on Logger[ROOT] onto the JUL framework
19:58:01,684 |-INFO in ch.qos.logback.core.model.processor.AppenderRefModelHandler - Attaching appender named [CONSOLE] to Logger[ROOT]
19:58:01,684 |-INFO in ch.qos.logback.core.model.processor.DefaultProcessor@3730ab42 - End of configuration.
19:58:01,685 |-INFO in org.springframework.boot.logging.logback.SpringBootJoranConfigurator@537c8c7e - Registering current configuration as safe fallback point


  .   ____          _            __ _ _
 /\\ / ___'_ __ _ _(_)_ __  __ _ \ \ \ \
( ( )\___ | '_ | '_| | '_ \/ _` | \ \ \ \
 \\/  ___)| |_)| | | | | || (_| |  ) ) ) )
  '  |____| .__|_| |_|_| |_\__, | / / / /
 =========|_|==============|___/=/_/_/_/
 :: Spring Boot ::                (v3.1.0)

[background-preinit] INFO  o.h.validator.internal.util.Version - HV000001: Hibernate Validator 8.0.0.Final
[Test worker] INFO  p.z.a.i.d.r.j.CarToBuyJpaRepositoryTest - Starting CarToBuyJpaRepositoryTest using Java 17.0.1 with PID 8860 (started by Asuseusz in C:\Users\marys\Desktop\zaJavka\Car-Dealership)
[Test worker] INFO  p.z.a.i.d.r.j.CarToBuyJpaRepositoryTest - No active profile set, falling back to 1 default profile: "default"
[Test worker] INFO  o.s.d.r.c.RepositoryConfigurationDelegate - Bootstrapping Spring Data JPA repositories in DEFAULT mode.
[Test worker] INFO  o.s.d.r.c.RepositoryConfigurationDelegate - Finished Spring Data repository scanning in 699 ms. Found 14 JPA repository interfaces.
[Test worker] INFO  o.f.c.i.license.VersionPrinter - Flyway Community Edition 9.16.3 by Redgate
[Test worker] INFO  o.f.c.i.license.VersionPrinter - See release notes here: https://rd.gt/416ObMi
[Test worker] INFO  o.f.c.i.license.VersionPrinter - 
[Test worker] INFO  com.zaxxer.hikari.HikariDataSource - HikariPool-1 - Starting...
[Test worker] INFO  com.zaxxer.hikari.pool.HikariPool - HikariPool-1 - Added connection org.postgresql.jdbc.PgConnection@74500e4f
[Test worker] INFO  com.zaxxer.hikari.HikariDataSource - HikariPool-1 - Start completed.
[Test worker] INFO  o.f.c.i.d.base.BaseDatabaseType - Database: jdbc:postgresql://localhost:5432/car_dealership (PostgreSQL 14.6)
[Test worker] INFO  o.f.c.i.s.JdbcTableSchemaHistory - Schema history table "public"."flyway_schema_history" does not exist yet
[Test worker] INFO  o.f.core.internal.command.DbValidate - Successfully validated 15 migrations (execution time 00:00.081s)
[Test worker] INFO  o.f.c.i.s.JdbcTableSchemaHistory - Creating Schema History table "public"."flyway_schema_history" ...
[Test worker] INFO  o.f.core.internal.command.DbMigrate - Current version of schema "public": << Empty Schema >>
[Test worker] INFO  o.f.core.internal.command.DbMigrate - Migrating schema "public" to version "1.1 - init car dealership salesman"
[Test worker] INFO  o.f.core.internal.command.DbMigrate - Migrating schema "public" to version "1.2 - init car dealership address"
[Test worker] INFO  o.f.core.internal.command.DbMigrate - Migrating schema "public" to version "1.3 - init car dealership customer"
[Test worker] INFO  o.f.core.internal.command.DbMigrate - Migrating schema "public" to version "1.4 - init car dealership car to buy"
[Test worker] INFO  o.f.core.internal.command.DbMigrate - Migrating schema "public" to version "1.5 - init car dealership car to service"
[Test worker] INFO  o.f.core.internal.command.DbMigrate - Migrating schema "public" to version "1.6 - init car dealership service"
[Test worker] INFO  o.f.core.internal.command.DbMigrate - Migrating schema "public" to version "1.7 - init car dealership part"
[Test worker] INFO  o.f.core.internal.command.DbMigrate - Migrating schema "public" to version "1.8 - init car dealership mechanic"
[Test worker] INFO  o.f.core.internal.command.DbMigrate - Migrating schema "public" to version "1.9 - init car dealership invoice"
[Test worker] INFO  o.f.core.internal.command.DbMigrate - Migrating schema "public" to version "1.10 - init car dealership car service request"
[Test worker] INFO  o.f.core.internal.command.DbMigrate - Migrating schema "public" to version "1.11 - init car dealership service part"
[Test worker] INFO  o.f.core.internal.command.DbMigrate - Migrating schema "public" to version "1.12 - init car dealership service mechanic"
[Test worker] INFO  o.f.core.internal.command.DbMigrate - Migrating schema "public" to version "2.1 - init car dealership data"
[Test worker] INFO  o.f.core.internal.command.DbMigrate - Migrating schema "public" to version "3.0 - security tables"
[Test worker] INFO  o.f.core.internal.command.DbMigrate - Migrating schema "public" to version "3.1 - init users"
[Test worker] INFO  o.f.core.internal.command.DbMigrate - Successfully applied 15 migrations to schema "public", now at version v3.1 (execution time 00:00.621s)
[Test worker] INFO  o.h.jpa.internal.util.LogHelper - HHH000204: Processing PersistenceUnitInfo [name: default]
[Test worker] INFO  org.hibernate.Version - HHH000412: Hibernate ORM core version 6.2.2.Final
[Test worker] INFO  org.hibernate.cfg.Environment - HHH000406: Using bytecode reflection optimizer
[Test worker] INFO  o.h.b.i.BytecodeProviderInitiator - HHH000021: Bytecode provider name : bytebuddy
[Test worker] INFO  o.s.o.j.p.SpringPersistenceUnitInfo - No LoadTimeWeaver setup: ignoring JPA class transformer
[Test worker] INFO  org.hibernate.orm.dialect - HHH035001: Using dialect: org.hibernate.dialect.PostgreSQLDialect, version: org.hibernate.engine.jdbc.env.internal.JdbcEnvironmentInitiator$DialectResolutionInfoImpl@24068086
[Test worker] INFO  o.h.b.i.BytecodeProviderInitiator - HHH000021: Bytecode provider name : bytebuddy
[Test worker] INFO  o.h.e.t.j.p.i.JtaPlatformInitiator - HHH000490: Using JtaPlatform implementation: [org.hibernate.engine.transaction.jta.platform.internal.NoJtaPlatform]
[Test worker] INFO  o.s.o.j.LocalContainerEntityManagerFactoryBean - Initialized JPA EntityManagerFactory for persistence unit 'default'
[Test worker] INFO  o.s.d.j.r.query.QueryEnhancerFactory - Hibernate is in classpath; If applicable, HQL parser will be used.
[Test worker] INFO  p.z.a.i.d.r.j.CarToBuyJpaRepositoryTest - Started CarToBuyJpaRepositoryTest in 13.93 seconds (process running for 17.522)
Hibernate: insert into car_to_buy (brand,color,model,price,vin,production_year) values (?,?,?,?,?,?)
Hibernate: insert into car_to_buy (brand,color,model,price,vin,production_year) values (?,?,?,?,?,?)
Hibernate: insert into car_to_buy (brand,color,model,price,vin,production_year) values (?,?,?,?,?,?)
Hibernate: select c1_0.car_to_buy_id,c1_0.brand,c1_0.color,i1_0.invoice_id,i1_0.customer_id,i1_0.date_time,i1_0.invoice_number,i1_0.salesman_id,c1_0.model,c1_0.price,c1_0.vin,c1_0.production_year from car_to_buy c1_0 left join invoice i1_0 on c1_0.car_to_buy_id=i1_0.car_to_buy_id where i1_0.car_to_buy_id is null
]]></system-out>
  <system-err><![CDATA[]]></system-err>
</testsuite>
