<?xml version="1.0" encoding="UTF-8"?>
<testsuite name="pl.zajavka.api.controller.HomeControllerTest" tests="1" skipped="0" failures="0" errors="0" timestamp="2023-07-05T17:58:21" hostname="LAPTOP-O9433SLL" time="0.76">
  <properties/>
  <testcase name="homeWorksCorrectly()" classname="pl.zajavka.api.controller.HomeControllerTest" time="0.76"/>
  <system-out><![CDATA[[Test worker] INFO  o.s.t.c.s.AnnotationConfigContextLoaderUtils - Could not detect default configuration classes for test class [pl.zajavka.api.controller.HomeControllerTest]: HomeControllerTest does not declare any static, non-private, non-final, nested classes annotated with @Configuration.
[Test worker] INFO  o.s.b.t.c.SpringBootTestContextBootstrapper - Found @SpringBootConfiguration pl.zajavka.CarDealershipApplication for test class pl.zajavka.api.controller.HomeControllerTest

  .   ____          _            __ _ _
 /\\ / ___'_ __ _ _(_)_ __  __ _ \ \ \ \
( ( )\___ | '_ | '_| | '_ \/ _` | \ \ \ \
 \\/  ___)| |_)| | | | | || (_| |  ) ) ) )
  '  |____| .__|_| |_|_| |_\__, | / / / /
 =========|_|==============|___/=/_/_/_/
 :: Spring Boot ::                (v3.1.0)

[Test worker] INFO  p.z.a.controller.HomeControllerTest - Starting HomeControllerTest using Java 17.0.1 with PID 8860 (started by Asuseusz in C:\Users\marys\Desktop\zaJavka\Car-Dealership)
[Test worker] INFO  p.z.a.controller.HomeControllerTest - The following 1 profile is active: "test"
[Test worker] WARN  o.s.b.a.s.s.UserDetailsServiceAutoConfiguration - 

Using generated security password: 19559951-740a-4d31-b645-78f46de7a101

This generated password is for development use only. Your security configuration must be updated before running your application in production.

[Test worker] INFO  o.s.s.web.DefaultSecurityFilterChain - Will secure any request with [org.springframework.security.web.session.DisableEncodeUrlFilter@46a6c3be, org.springframework.security.web.context.request.async.WebAsyncManagerIntegrationFilter@77f3bb3f, org.springframework.security.web.context.SecurityContextHolderFilter@67964236, org.springframework.security.web.header.HeaderWriterFilter@32f6d000, org.springframework.security.web.csrf.CsrfFilter@7bca3747, org.springframework.security.web.authentication.logout.LogoutFilter@1ab08e83, org.springframework.security.web.authentication.UsernamePasswordAuthenticationFilter@173b1683, org.springframework.security.web.authentication.ui.DefaultLoginPageGeneratingFilter@462c68b3, org.springframework.security.web.authentication.ui.DefaultLogoutPageGeneratingFilter@42b2a977, org.springframework.security.web.authentication.www.BasicAuthenticationFilter@21820cd1, org.springframework.security.web.savedrequest.RequestCacheAwareFilter@8ff4d2b, org.springframework.security.web.servletapi.SecurityContextHolderAwareRequestFilter@258274cb, org.springframework.security.web.authentication.AnonymousAuthenticationFilter@e646b14, org.springframework.security.web.access.ExceptionTranslationFilter@37f1d560, org.springframework.security.web.access.intercept.AuthorizationFilter@65289e33]
[Test worker] INFO  o.s.b.t.m.w.SpringBootMockServletContext - Initializing Spring TestDispatcherServlet ''
[Test worker] INFO  o.s.t.w.s.TestDispatcherServlet - Initializing Servlet ''
[Test worker] INFO  o.s.t.w.s.TestDispatcherServlet - Completed initialization in 2 ms
[Test worker] INFO  p.z.a.controller.HomeControllerTest - Started HomeControllerTest in 4.627 seconds (process running for 23.838)
]]></system-out>
  <system-err><![CDATA[]]></system-err>
</testsuite>
